<?xml version="1.0" encoding="UTF-8"?>
<!-- Generated by org.testng.reporters.JUnitReportReporter -->
<testsuite hostname="Alikhans-MacBook-Pro.local" failures="0" tests="3" name="com.automation.testcases.CartPageTest" time="0.004" errors="0" timestamp="2023-05-10T19:47:00 GMT-04:00" skipped="0">
  <testcase classname="com.automation.testcases.CartPageTest" name="verifyUserCanRemoveItemFromCart" time="0.002"/>
  <system-out/>
  <testcase classname="com.automation.testcases.CartPageTest" name="verifyUserCanChangeQuantityOfItem" time="0.001"/>
  <system-out/>
  <testcase classname="com.automation.testcases.CartPageTest" name="verifyUserCanAddProductToCart" time="0.001"/>
  <system-out/>
</testsuite> <!-- com.automation.testcases.CartPageTest -->
