<?xml version="1.0" encoding="UTF-8"?>
<!-- Generated by org.testng.reporters.JUnitReportReporter -->
<testsuite hostname="Alikhans-MacBook-Pro.local" failures="0" tests="10" name="com.automation.testcases.DataDrivenTestWithExcel" time="0.005" errors="0" timestamp="2023-05-11T14:39:00 GMT-04:00" skipped="0">
  <testcase classname="com.automation.testcases.DataDrivenTestWithExcel" name="verifyLoginUnsuccessfulWithInvalidCredentials" time="0.000"/>
  <system-out/>
  <testcase classname="com.automation.testcases.DataDrivenTestWithExcel" name="verifyLoginUnsuccessfulWithInvalidCredentials" time="0.000"/>
  <system-out/>
  <testcase classname="com.automation.testcases.DataDrivenTestWithExcel" name="verifyLoginUnsuccessfulWithInvalidCredentials" time="0.000"/>
  <system-out/>
  <testcase classname="com.automation.testcases.DataDrivenTestWithExcel" name="verifyLoginUnsuccessfulWithInvalidCredentials" time="0.000"/>
  <system-out/>
  <testcase classname="com.automation.testcases.DataDrivenTestWithExcel" name="verifyLoginUnsuccessfulWithInvalidCredentials" time="0.000"/>
  <system-out/>
  <testcase classname="com.automation.testcases.DataDrivenTestWithExcel" name="verifyLoginUnsuccessfulWithInvalidCredentials" time="0.000"/>
  <system-out/>
  <testcase classname="com.automation.testcases.DataDrivenTestWithExcel" name="verifyLoginUnsuccessfulWithInvalidCredentials" time="0.000"/>
  <system-out/>
  <testcase classname="com.automation.testcases.DataDrivenTestWithExcel" name="verifyLoginUnsuccessfulWithInvalidCredentials" time="0.000"/>
  <system-out/>
  <testcase classname="com.automation.testcases.DataDrivenTestWithExcel" name="verifyLoginUnsuccessfulWithInvalidCredentials" time="0.005"/>
  <system-out/>
  <testcase classname="com.automation.testcases.DataDrivenTestWithExcel" name="verifyLoginUnsuccessfulWithInvalidCredentials" time="0.000"/>
  <system-out/>
</testsuite> <!-- com.automation.testcases.DataDrivenTestWithExcel -->
