<?xml version="1.0" encoding="UTF-8"?>
<!-- Generated by org.testng.reporters.JUnitReportReporter -->
<testsuite hostname="Alikhans-MacBook-Pro.local" failures="0" tests="8" name="com.automation.testcases.DivDDTest" time="0.023" errors="0" timestamp="2023-05-10T13:29:49 GMT-04:00" skipped="0">
  <testcase classname="com.automation.testcases.DivDDTest" name="divTest" time="0.006"/>
  <system-out/>
  <testcase classname="com.automation.testcases.DivDDTest" name="divTest" time="0.009"/>
  <system-out/>
  <testcase classname="com.automation.testcases.DivDDTest" name="divTest" time="0.001"/>
  <system-out/>
  <testcase classname="com.automation.testcases.DivDDTest" name="divTest" time="0.001"/>
  <system-out/>
  <testcase classname="com.automation.testcases.DivDDTest" name="divTest" time="0.001"/>
  <system-out/>
  <testcase classname="com.automation.testcases.DivDDTest" name="divWithZeroTest" time="0.005"/>
  <system-out/>
  <testcase classname="com.automation.testcases.DivDDTest" name="divTest" time="0.000"/>
  <system-out/>
  <testcase classname="com.automation.testcases.DivDDTest" name="divWithZeroTest" time="0.000"/>
  <system-out/>
</testsuite> <!-- com.automation.testcases.DivDDTest -->
