<?xml version="1.0" encoding="UTF-8"?>
<!-- Generated by org.testng.reporters.JUnitReportReporter -->
<testsuite hostname="Alikhans-MacBook-Pro.local" failures="0" tests="3" name="com.automation.testcases.LoginTest" time="0.005" errors="0" timestamp="2023-05-10T19:47:00 GMT-04:00" skipped="0">
  <testcase classname="com.automation.testcases.LoginTest" name="verifyUserCanResetPassword" time="0.002"/>
  <system-out/>
  <testcase classname="com.automation.testcases.LoginTest" name="verifyUserCanLogin" time="0.002"/>
  <system-out/>
  <testcase classname="com.automation.testcases.LoginTest" name="verifyUserCannotLoginWithInvalidCredentials" time="0.001"/>
  <system-out/>
</testsuite> <!-- com.automation.testcases.LoginTest -->
